info it worked if it ends with ok
verbose cli [ 'node',
verbose cli   '/usr/local/bin/npm',
verbose cli   'install',
verbose cli   '-g',
verbose cli   'bonzo',
verbose cli   'qwery',
verbose cli   'beans',
verbose cli   'reqwest' ]
info using npm@1.0.22
info using node@v0.5.3-pre
verbose config file /home/rafb3/.npmrc
verbose config file /usr/local/etc/npmrc
silly exec /usr/local/bin/node "/usr/local/lib/node_modules/npm/bin/npm-get-uid-gid.js" "nobody" 1000
silly output from getuid/gid {"uid":65534,"gid":1000}
silly output from getuid/gid 
verbose into /usr/local/lib [ 'bonzo', 'qwery', 'beans', 'reqwest' ]
verbose cache add [ 'bonzo', null ]
verbose cache add [ 'qwery', null ]
verbose cache add [ 'beans', null ]
verbose cache add [ 'reqwest', null ]
info addNamed [ 'bonzo', '' ]
verbose addNamed [ null, '' ]
info addNamed [ 'qwery', '' ]
verbose addNamed [ null, '' ]
info addNamed [ 'beans', '' ]
verbose addNamed [ null, '' ]
info addNamed [ 'reqwest', '' ]
verbose addNamed [ null, '' ]
verbose GET beans
verbose raw, before any munging beans
verbose url resolving [ 'https://registry.npmjs.org/', './beans' ]
verbose url resolved https://registry.npmjs.org/beans
verbose url parsed { protocol: 'https:',
verbose url parsed   slashes: true,
verbose url parsed   host: 'registry.npmjs.org',
verbose url parsed   hostname: 'registry.npmjs.org',
verbose url parsed   href: 'https://registry.npmjs.org/beans',
verbose url parsed   pathname: '/beans' }
verbose GET qwery
verbose raw, before any munging qwery
verbose url resolving [ 'https://registry.npmjs.org/', './qwery' ]
verbose url resolved https://registry.npmjs.org/qwery
verbose url parsed { protocol: 'https:',
verbose url parsed   slashes: true,
verbose url parsed   host: 'registry.npmjs.org',
verbose url parsed   hostname: 'registry.npmjs.org',
verbose url parsed   href: 'https://registry.npmjs.org/qwery',
verbose url parsed   pathname: '/qwery' }
verbose etag "4GWF0HEXLJ7TR6Z8R69W3LI42"
verbose GET reqwest
verbose raw, before any munging reqwest
verbose url resolving [ 'https://registry.npmjs.org/', './reqwest' ]
verbose url resolved https://registry.npmjs.org/reqwest
verbose url parsed { protocol: 'https:',
verbose url parsed   slashes: true,
verbose url parsed   host: 'registry.npmjs.org',
verbose url parsed   hostname: 'registry.npmjs.org',
verbose url parsed   href: 'https://registry.npmjs.org/reqwest',
verbose url parsed   pathname: '/reqwest' }
verbose etag "ENW59FJ7IYWCCTF97B635QFK"
verbose GET bonzo
verbose raw, before any munging bonzo
verbose url resolving [ 'https://registry.npmjs.org/', './bonzo' ]
verbose url resolved https://registry.npmjs.org/bonzo
verbose url parsed { protocol: 'https:',
verbose url parsed   slashes: true,
verbose url parsed   host: 'registry.npmjs.org',
verbose url parsed   hostname: 'registry.npmjs.org',
verbose url parsed   href: 'https://registry.npmjs.org/bonzo',
verbose url parsed   pathname: '/bonzo' }
verbose etag "9GZOQZWFCD0WKZDTIDU7H9OF2"
verbose response https://registry.npmjs.org/reqwest
silly get cb [ 304,
silly get cb   { server: 'CouchDB/1.1.0 (Erlang OTP/R14B03)',
silly get cb     etag: '"ENW59FJ7IYWCCTF97B635QFK"',
silly get cb     date: 'Sun, 31 Jul 2011 15:10:41 GMT',
silly get cb     'content-length': '0' } ]
verbose etag reqwest from cache
verbose GET reqwest/0.2.0
verbose raw, before any munging reqwest/0.2.0
verbose url resolving [ 'https://registry.npmjs.org/', './reqwest/0.2.0' ]
verbose url resolved https://registry.npmjs.org/reqwest/0.2.0
verbose url parsed { protocol: 'https:',
verbose url parsed   slashes: true,
verbose url parsed   host: 'registry.npmjs.org',
verbose url parsed   hostname: 'registry.npmjs.org',
verbose url parsed   href: 'https://registry.npmjs.org/reqwest/0.2.0',
verbose url parsed   pathname: '/reqwest/0.2.0' }
verbose etag "ENW59FJ7IYWCCTF97B635QFK"
verbose response https://registry.npmjs.org/beans
silly chunk {"error":"not_found","reason":"document not found"}
silly chunk 
silly get cb [ 404,
silly get cb   { server: 'CouchDB/1.1.0 (Erlang OTP/R14B03)',
silly get cb     date: 'Sun, 31 Jul 2011 15:10:41 GMT',
silly get cb     'content-type': 'application/json',
silly get cb     'content-length': '52',
silly get cb     'cache-control': 'must-revalidate' } ]
ERR! 404 'beans' is not in the npm registry.
ERR! 404 You should bug the author to publish it.
ERR! 404 Note that you can also install from a tarball or folder.
ERR! 
ERR! System Linux 2.6.35-28-generic
ERR! command "node" "/usr/local/bin/npm" "install" "-g" "bonzo" "qwery" "beans" "reqwest"
ERR! cwd /home/rafb3/local
ERR! node -v v0.5.3-pre
ERR! npm -v 1.0.22
verbose exit [ 1, true ]
